[2018-12-01 10:10:27] [info]  [ 6884] Commons Daemon procrun (1.0.15.0 64-bit) started
[2018-12-01 10:10:27] [info]  [ 6884] Service Tomcat7 name Apache Tomcat 7.0 Tomcat7
[2018-12-01 10:10:39] [info]  [ 6884] Service 'Tomcat7' installed
[2018-12-01 10:10:39] [info]  [ 6884] Commons Daemon procrun finished
[2018-12-01 10:10:40] [info]  [ 8128] Commons Daemon procrun (1.0.15.0 64-bit) started
[2018-12-01 10:10:40] [info]  [ 8128] Updating service...
[2018-12-01 10:10:40] [info]  [ 8128] Service 'Tomcat7' updated
[2018-12-01 10:10:40] [info]  [ 8128] Update service finished.
[2018-12-01 10:10:40] [info]  [ 8128] Commons Daemon procrun finished
[2018-12-01 10:10:40] [info]  [ 9032] Commons Daemon procrun (1.0.15.0 64-bit) started
[2018-12-01 10:10:40] [info]  [ 9032] Updating service...
[2018-12-01 10:10:40] [info]  [ 9032] Service 'Tomcat7' updated
[2018-12-01 10:10:40] [info]  [ 9032] Update service finished.
[2018-12-01 10:10:40] [info]  [ 9032] Commons Daemon procrun finished
[2018-12-01 10:10:41] [info]  [ 2812] Commons Daemon procrun (1.0.15.0 64-bit) started
[2018-12-01 10:10:41] [info]  [ 2812] Updating service...
[2018-12-01 10:10:41] [info]  [ 2812] Service 'Tomcat7' updated
[2018-12-01 10:10:41] [info]  [ 2812] Update service finished.
[2018-12-01 10:10:41] [info]  [ 2812] Commons Daemon procrun finished
[2018-12-01 10:10:49] [info]  [ 3696] Commons Daemon procrun (1.0.15.0 64-bit) started
[2018-12-01 10:10:49] [info]  [ 3696] Running 'Tomcat7' Service...
[2018-12-01 10:10:49] [info]  [10088] Starting service...
[2018-12-01 10:10:51] [info]  [10088] Service started in 1475 ms.
[2018-12-01 10:11:21] [info]  [    8] Commons Daemon procrun (1.0.15.0 64-bit) started
[2018-12-01 10:11:21] [info]  [    8] Debugging 'Tomcat7' service...
[2018-12-01 10:11:21] [info]  [    8] Starting service...
[2018-12-01 10:11:22] [info]  [    8] Service started in 1125 ms.
[2018-12-01 10:11:23] [info]  [    8] Debug service finished with exit code 0
[2018-12-01 10:11:23] [info]  [    8] Commons Daemon procrun finished
[2018-12-01 10:13:55] [info]  [ 8700] Commons Daemon procrun (1.0.15.0 64-bit) started
[2018-12-01 10:13:55] [info]  [ 8700] Debugging 'Tomcat7' service...
[2018-12-01 10:13:55] [info]  [ 8700] Starting service...
[2018-12-01 10:13:57] [info]  [ 8700] Service started in 1147 ms.
[2018-12-01 10:13:57] [info]  [ 8700] Debug service finished with exit code 0
[2018-12-01 10:13:57] [info]  [ 8700] Commons Daemon procrun finished
[2018-12-01 10:14:10] [info]  [ 9724] Commons Daemon procrun (1.0.15.0 64-bit) started
[2018-12-01 10:14:10] [info]  [ 9724] Debugging 'Tomcat7' service...
[2018-12-01 10:14:10] [info]  [ 9724] Starting service...
[2018-12-01 10:14:11] [info]  [ 9724] Service started in 1136 ms.
[2018-12-01 10:14:11] [info]  [ 9724] Debug service finished with exit code 0
[2018-12-01 10:14:11] [info]  [ 9724] Commons Daemon procrun finished
[2018-12-01 10:14:43] [info]  [ 4084] Commons Daemon procrun (1.0.15.0 64-bit) started
[2018-12-01 10:14:43] [info]  [ 4084] Debugging 'Tomcat7' service...
[2018-12-01 10:14:43] [info]  [ 4084] Starting service...
[2018-12-01 10:14:44] [info]  [ 4084] Service started in 1140 ms.
[2018-12-01 10:14:48] [info]  [ 4084] Debug service finished with exit code 0
[2018-12-01 10:14:48] [info]  [ 4084] Commons Daemon procrun finished
[2018-12-01 10:15:05] [info]  [ 4328] Stopping service...
[2018-12-01 10:15:06] [info]  [ 4328] Service stop thread completed.
[2018-12-01 10:15:06] [info]  [ 3696] Run service finished.
[2018-12-01 10:15:06] [info]  [ 3696] Commons Daemon procrun finished
[2018-12-01 10:15:12] [info]  [ 8292] Commons Daemon procrun (1.0.15.0 64-bit) started
[2018-12-01 10:15:12] [info]  [ 8292] Debugging 'Tomcat7' service...
[2018-12-01 10:15:12] [info]  [ 8292] Starting service...
[2018-12-01 10:15:13] [info]  [ 8292] Service started in 1145 ms.
[2018-12-01 10:19:35] [info]  [ 2020] Commons Daemon procrun (1.0.15.0 64-bit) started
[2018-12-01 10:19:35] [info]  [ 2020] Running 'Tomcat7' Service...
[2018-12-01 10:19:35] [info]  [ 6624] Starting service...
[2018-12-01 10:19:36] [info]  [ 6624] Service started in 1118 ms.
[2018-12-01 10:19:44] [info]  [ 2020] Run service finished.
[2018-12-01 10:19:44] [info]  [ 2020] Commons Daemon procrun finished
[2018-12-01 10:43:52] [info]  [ 5408] Console CTRL+CLOSE event signaled
[2018-12-01 10:43:52] [info]  [ 5408] Stopping service...
[2018-12-01 10:46:29] [info]  [ 9500] Commons Daemon procrun (1.0.15.0 64-bit) started
[2018-12-01 10:46:29] [info]  [ 9500] Debugging 'Tomcat7' service...
[2018-12-01 10:46:30] [info]  [ 9500] Starting service...
[2018-12-01 10:46:31] [info]  [ 9500] Service started in 1134 ms.
[2018-12-01 16:16:58] [info]  [ 8052] Console CTRL+CLOSE event signaled
[2018-12-01 16:16:58] [info]  [ 8052] Stopping service...
